<?xml version="1.0" encoding="UTF-8"?>
<!-- Generated by org.testng.reporters.JUnitXMLReporter -->
<testsuite ignored="0" hostname="DESKTOP-IGBPCA6" failures="2" tests="7" name="Test" time="7.931" errors="0" timestamp="2024-11-04T12:09:56 IST">
  <testcase classname="api.test.AgencyTest" name="CreateAgency" time="3.497">
    <failure type="java.lang.AssertionError" message="expected [200] but found [400]">
      <![CDATA[java.lang.AssertionError: expected [200] but found [400]
at api.test.AgencyTest.CreateAgency(AgencyTest.java:62)
at java.base/java.util.ArrayList.forEach(ArrayList.java:1511)
... Removed 34 stack frames]]>
    </failure>
  </testcase> <!-- CreateAgency -->
  <testcase classname="api.test.AgencyTest" name="GetAgencyById" time="0.264"/>
  <testcase classname="api.test.LeadTest" name="GetLeadById" time="0.777"/>
  <testcase classname="api.test.AgentTest" name="CreateAgent" time="0.506">
    <failure type="java.lang.AssertionError" message="expected [200] but found [400]">
      <![CDATA[java.lang.AssertionError: expected [200] but found [400]
at api.test.AgentTest.CreateAgent(AgentTest.java:18)
at java.base/java.util.ArrayList.forEach(ArrayList.java:1511)
... Removed 34 stack frames]]>
    </failure>
  </testcase> <!-- CreateAgent -->
  <testcase classname="api.test.AgentTest" name="GetAgentById" time="0.51"/>
  <testcase classname="api.test.BranchTest" name="CreateBranch" time="0.638"/>
  <testcase classname="api.test.BranchTest" name="GetBranchByID" time="0.287"/>
</testsuite> <!-- Test -->
