<?xml version="1.0" encoding="UTF-8"?>
<!-- Generated by org.testng.reporters.JUnitXMLReporter -->
<testsuite ignored="0" hostname="DESKTOP-IGBPCA6" failures="3" tests="8" name="Test" time="4.514" errors="0" timestamp="2024-10-30T16:44:23 IST">
  <testcase classname="api.test.AgencyTest" name="CreateAgency" time="2.339">
    <failure type="java.lang.AssertionError" message="expected [200] but found [400]">
      <![CDATA[java.lang.AssertionError: expected [200] but found [400]
at api.test.AgencyTest.CreateAgency(AgencyTest.java:62)
at java.base/java.util.ArrayList.forEach(ArrayList.java:1596)
... Removed 36 stack frames]]>
    </failure>
  </testcase> <!-- CreateAgency -->
  <testcase classname="api.test.AgencyTest" name="GetAgencyById" time="0.208"/>
  <testcase classname="api.test.LeadTest" name="testpostLead" time="0.0">
    <failure type="java.lang.RuntimeException" message="java.lang.NoSuchMethodError: &amp;apos;org.apache.logging.log4j.LogBuilder org.apache.logging.log4j.Logger.atDebug()&amp;apos;">
      <![CDATA[java.lang.RuntimeException: java.lang.NoSuchMethodError: 'org.apache.logging.log4j.LogBuilder org.apache.logging.log4j.Logger.atDebug()'
at java.base/java.util.ArrayList.forEach(ArrayList.java:1596)
Caused by: java.lang.NoSuchMethodError: 'org.apache.logging.log4j.LogBuilder org.apache.logging.log4j.Logger.atDebug()'
at org.apache.poi.openxml4j.opc.PackageRelationshipCollection.parseRelationshipsPart(PackageRelationshipCollection.java:307)
at org.apache.poi.openxml4j.opc.PackageRelationshipCollection.<init>(PackageRelationshipCollection.java:155)
at org.apache.poi.openxml4j.opc.PackageRelationshipCollection.<init>(PackageRelationshipCollection.java:125)
at org.apache.poi.openxml4j.opc.PackagePart.loadRelationships(PackagePart.java:565)
at org.apache.poi.openxml4j.opc.OPCPackage.getParts(OPCPackage.java:783)
at org.apache.poi.openxml4j.opc.OPCPackage.open(OPCPackage.java:354)
at org.apache.poi.ooxml.util.PackageHelper.open(PackageHelper.java:64)
at org.apache.poi.xssf.usermodel.XSSFWorkbook.<init>(XSSFWorkbook.java:315)
at org.apache.poi.xssf.usermodel.XSSFWorkbook.<init>(XSSFWorkbook.java:289)
at api.Utilities.xlLeadUtility.getRowCount(xlLeadUtility.java:34)
at api.Utilities.DataProviderLead.getAllData(DataProviderLead.java:14)
... 29 more
... Removed 34 stack frames]]>
    </failure>
  </testcase> <!-- testpostLead -->
  <testcase classname="api.test.LeadTest" name="GetLeadById" time="0.309"/>
  <testcase classname="api.test.AgentTest" name="CreateAgent" time="0.27">
    <failure type="java.lang.AssertionError" message="expected [200] but found [400]">
      <![CDATA[java.lang.AssertionError: expected [200] but found [400]
at api.test.AgentTest.CreateAgent(AgentTest.java:18)
at java.base/java.util.ArrayList.forEach(ArrayList.java:1596)
... Removed 36 stack frames]]>
    </failure>
  </testcase> <!-- CreateAgent -->
  <testcase classname="api.test.AgentTest" name="GetAgentById" time="0.117"/>
  <testcase classname="api.test.BranchTest" name="CreateBranch" time="0.264"/>
  <testcase classname="api.test.BranchTest" name="GetBranchByID" time="0.137"/>
</testsuite> <!-- Test -->
