<?xml version="1.0" encoding="UTF-8"?>
<testsuite xmlns:xsi="http://www.w3.org/2001/XMLSchema-instance" xsi:noNamespaceSchemaLocation="https://maven.apache.org/surefire/maven-surefire-plugin/xsd/surefire-test-report.xsd" version="3.0.2" name="TestSuite" time="5.452" tests="8" errors="0" skipped="0" failures="3">
  <properties>
[...]
</properties>
  <testcase name="CreateAgency" classname="api.test.AgencyTest" time="2.367">
    <failure message="expected [200] but found [400]" type="java.lang.AssertionError"><![CDATA[java.lang.AssertionError: expected [200] but found [400]
	at org.testng.Assert.fail(Assert.java:111)
	at org.testng.Assert.failNotEquals(Assert.java:1578)
	at org.testng.Assert.assertEqualsImpl(Assert.java:150)
	at org.testng.Assert.assertEquals(Assert.java:132)
	at org.testng.Assert.assertEquals(Assert.java:1419)
	at org.testng.Assert.assertEquals(Assert.java:1383)
	at org.testng.Assert.assertEquals(Assert.java:1429)
	at api.test.AgencyTest.CreateAgency(AgencyTest.java:62)
	at java.base/jdk.internal.reflect.DirectMethodHandleAccessor.invoke(DirectMethodHandleAccessor.java:103)
	at java.base/java.lang.reflect.Method.invoke(Method.java:580)
	at org.testng.internal.invokers.MethodInvocationHelper.invokeMethod(MethodInvocationHelper.java:141)
	at org.testng.internal.invokers.TestInvoker.invokeMethod(TestInvoker.java:686)
	at org.testng.internal.invokers.TestInvoker.invokeTestMethod(TestInvoker.java:230)
	at org.testng.internal.invokers.MethodRunner.runInSequence(MethodRunner.java:63)
	at org.testng.internal.invokers.TestInvoker$MethodInvocationAgent.invoke(TestInvoker.java:992)
	at org.testng.internal.invokers.TestInvoker.invokeTestMethods(TestInvoker.java:203)
	at org.testng.internal.invokers.TestMethodWorker.invokeTestMethods(TestMethodWorker.java:154)
	at org.testng.internal.invokers.TestMethodWorker.run(TestMethodWorker.java:134)
	at java.base/java.util.ArrayList.forEach(ArrayList.java:1596)
	at org.testng.TestRunner.privateRun(TestRunner.java:739)
	at org.testng.TestRunner.run(TestRunner.java:614)
	at org.testng.SuiteRunner.runTest(SuiteRunner.java:421)
	at org.testng.SuiteRunner.runSequentially(SuiteRunner.java:413)
	at org.testng.SuiteRunner.privateRun(SuiteRunner.java:373)
	at org.testng.SuiteRunner.run(SuiteRunner.java:312)
	at org.testng.SuiteRunnerWorker.runSuite(SuiteRunnerWorker.java:52)
	at org.testng.SuiteRunnerWorker.run(SuiteRunnerWorker.java:95)
	at org.testng.TestNG.runSuitesSequentially(TestNG.java:1274)
	at org.testng.TestNG.runSuitesLocally(TestNG.java:1208)
	at org.testng.TestNG.runSuites(TestNG.java:1112)
	at org.testng.TestNG.run(TestNG.java:1079)
	at org.apache.maven.surefire.testng.TestNGExecutor.run(TestNGExecutor.java:308)
	at org.apache.maven.surefire.testng.TestNGXmlTestSuite.execute(TestNGXmlTestSuite.java:71)
	at org.apache.maven.surefire.testng.TestNGProvider.invoke(TestNGProvider.java:113)
	at org.apache.maven.surefire.booter.ForkedBooter.runSuitesInProcess(ForkedBooter.java:385)
	at org.apache.maven.surefire.booter.ForkedBooter.execute(ForkedBooter.java:162)
	at org.apache.maven.surefire.booter.ForkedBooter.run(ForkedBooter.java:507)
	at org.apache.maven.surefire.booter.ForkedBooter.main(ForkedBooter.java:495)
]]></failure>
    <system-out><![CDATA[eyJhbGciOiJIUzI1NiIsInR5cCI6IkpXVCJ9.eyJfYWdlbnRuYW1lXyI6IkFkbWluIiwiX2FnZW5jeWNvZGVfIjoiVFMxMjMiLCJfYnJhbmNoY29kZV8iOiJUUzEyMyIsIl9hZ2VudGNvZGVfIjoiVFMtMjAxIiwiX2FnZW50aWRfIjoiMSIsImp0aSI6IjY1ZTVkZTMwLWExNGQtNDAwYi04MWMyLWNhMjhiNjMxMzU1NSIsImV4cCI6MTczMDI5NzY1OSwiaXNzIjoiaHR0cDovLzEzLjIzMy43OS4xODE6NzEwNSIsImF1ZCI6Imh0dHA6Ly9sb2NhbGhvc3Q6NDIwMCJ9.7W5IJTXrCBKSjn3Mjqgy84iad1fJ6IAIEF-cjEnQZ1A
The Token is eyJhbGciOiJIUzI1NiIsInR5cCI6IkpXVCJ9.eyJfYWdlbnRuYW1lXyI6IkFkbWluIiwiX2FnZW5jeWNvZGVfIjoiVFMxMjMiLCJfYnJhbmNoY29kZV8iOiJUUzEyMyIsIl9hZ2VudGNvZGVfIjoiVFMtMjAxIiwiX2FnZW50aWRfIjoiMSIsImp0aSI6IjY1ZTVkZTMwLWExNGQtNDAwYi04MWMyLWNhMjhiNjMxMzU1NSIsImV4cCI6MTczMDI5NzY1OSwiaXNzIjoiaHR0cDovLzEzLjIzMy43OS4xODE6NzEwNSIsImF1ZCI6Imh0dHA6Ly9sb2NhbGhvc3Q6NDIwMCJ9.7W5IJTXrCBKSjn3Mjqgy84iad1fJ6IAIEF-cjEnQZ1A
HTTP/1.1 400 Bad Request
Content-Type: application/problem+json; charset=utf-8
Date: Wed, 30 Oct 2024 11:14:19 GMT
Server: Kestrel
Transfer-Encoding: chunked

{
    "type": "https://tools.ietf.org/html/rfc9110#section-15.5.1",
    "title": "One or more validation errors occurred.",
    "status": 400,
    "errors": {
        "City": [
            "The City field is required."
        ],
        "Code": [
            "The Code field is required."
        ],
        "Name": [
            "The Name field is required."
        ],
        "Region": [
            "The Region field is required."
        ],
        "Country": [
            "The Country field is required."
        ],
        "Agencies": [
            "The Agencies field is required."
        ],
        "Branches": [
            "The Branches field is required."
        ],
        "PostalCode": [
            "The PostalCode field is required."
        ],
        "AddressDetails": [
            "The AddressDetails field is required."
        ]
    },
    "traceId": "00-8f2c158072d440848c3b51ed730976dd-78c0b24c325849cc-00"
}
]]></system-out>
    <system-err><![CDATA[SLF4J: Failed to load class "org.slf4j.impl.StaticLoggerBinder".
SLF4J: Defaulting to no-operation (NOP) logger implementation
SLF4J: See http://www.slf4j.org/codes.html#StaticLoggerBinder for further details.
]]></system-err>
  </testcase>
  <testcase name="GetAgencyById" classname="api.test.AgencyTest" time="0.209">
    <system-out><![CDATA[HTTP/1.1 200 OK
Content-Type: application/json; charset=utf-8
Date: Wed, 30 Oct 2024 11:14:19 GMT
Server: Kestrel
Transfer-Encoding: chunked

{
    "branches": null,
    "id": 1,
    "code": "TS123",
    "name": "Techspian Services Private Limited",
    "addressDetails": "MARISOFT-1, 303, Marigold Premises, Kalyani Nagar, Pune, Maharashtra 411014",
    "city": "Pune",
    "region": "Kalyani Nagar",
    "postalCode": "411014",
    "country": "India",
    "agencies": null
}
Response: {"branches":null,"id":1,"code":"TS123","name":"Techspian Services Private Limited","addressDetails":"MARISOFT-1, 303, Marigold Premises, Kalyani Nagar, Pune, Maharashtra 411014","city":"Pune","region":"Kalyani Nagar","postalCode":"411014","country":"India","agencies":null}
]]></system-out>
  </testcase>
  <testcase name="testpostLead" classname="api.test.LeadTest" time="0.85">
    <failure message="java.lang.NoSuchMethodError: &apos;org.apache.logging.log4j.LogBuilder org.apache.logging.log4j.Logger.atDebug()&apos;" type="java.lang.RuntimeException"><![CDATA[java.lang.RuntimeException: java.lang.NoSuchMethodError: 'org.apache.logging.log4j.LogBuilder org.apache.logging.log4j.Logger.atDebug()'
	at org.testng.internal.invokers.MethodInvocationHelper.invokeMethodNoCheckedException(MethodInvocationHelper.java:58)
	at org.testng.internal.invokers.MethodInvocationHelper.invokeDataProvider(MethodInvocationHelper.java:159)
	at org.testng.internal.Parameters.handleParameters(Parameters.java:809)
	at org.testng.internal.Parameters.handleParameters(Parameters.java:734)
	at org.testng.internal.invokers.ParameterHandler.handleParameters(ParameterHandler.java:72)
	at org.testng.internal.invokers.ParameterHandler.createParameters(ParameterHandler.java:51)
	at org.testng.internal.invokers.TestInvoker$MethodInvocationAgent.invoke(TestInvoker.java:946)
	at org.testng.internal.invokers.TestInvoker.invokeTestMethods(TestInvoker.java:203)
	at org.testng.internal.invokers.TestMethodWorker.invokeTestMethods(TestMethodWorker.java:154)
	at org.testng.internal.invokers.TestMethodWorker.run(TestMethodWorker.java:134)
	at java.base/java.util.ArrayList.forEach(ArrayList.java:1596)
	at org.testng.TestRunner.privateRun(TestRunner.java:739)
	at org.testng.TestRunner.run(TestRunner.java:614)
	at org.testng.SuiteRunner.runTest(SuiteRunner.java:421)
	at org.testng.SuiteRunner.runSequentially(SuiteRunner.java:413)
	at org.testng.SuiteRunner.privateRun(SuiteRunner.java:373)
	at org.testng.SuiteRunner.run(SuiteRunner.java:312)
	at org.testng.SuiteRunnerWorker.runSuite(SuiteRunnerWorker.java:52)
	at org.testng.SuiteRunnerWorker.run(SuiteRunnerWorker.java:95)
	at org.testng.TestNG.runSuitesSequentially(TestNG.java:1274)
	at org.testng.TestNG.runSuitesLocally(TestNG.java:1208)
	at org.testng.TestNG.runSuites(TestNG.java:1112)
	at org.testng.TestNG.run(TestNG.java:1079)
	at org.apache.maven.surefire.testng.TestNGExecutor.run(TestNGExecutor.java:308)
	at org.apache.maven.surefire.testng.TestNGXmlTestSuite.execute(TestNGXmlTestSuite.java:71)
	at org.apache.maven.surefire.testng.TestNGProvider.invoke(TestNGProvider.java:113)
	at org.apache.maven.surefire.booter.ForkedBooter.runSuitesInProcess(ForkedBooter.java:385)
	at org.apache.maven.surefire.booter.ForkedBooter.execute(ForkedBooter.java:162)
	at org.apache.maven.surefire.booter.ForkedBooter.run(ForkedBooter.java:507)
	at org.apache.maven.surefire.booter.ForkedBooter.main(ForkedBooter.java:495)
Caused by: java.lang.NoSuchMethodError: 'org.apache.logging.log4j.LogBuilder org.apache.logging.log4j.Logger.atDebug()'
	at org.apache.poi.openxml4j.opc.PackageRelationshipCollection.parseRelationshipsPart(PackageRelationshipCollection.java:307)
	at org.apache.poi.openxml4j.opc.PackageRelationshipCollection.<init>(PackageRelationshipCollection.java:155)
	at org.apache.poi.openxml4j.opc.PackageRelationshipCollection.<init>(PackageRelationshipCollection.java:125)
	at org.apache.poi.openxml4j.opc.PackagePart.loadRelationships(PackagePart.java:565)
	at org.apache.poi.openxml4j.opc.OPCPackage.getParts(OPCPackage.java:783)
	at org.apache.poi.openxml4j.opc.OPCPackage.open(OPCPackage.java:354)
	at org.apache.poi.ooxml.util.PackageHelper.open(PackageHelper.java:64)
	at org.apache.poi.xssf.usermodel.XSSFWorkbook.<init>(XSSFWorkbook.java:315)
	at org.apache.poi.xssf.usermodel.XSSFWorkbook.<init>(XSSFWorkbook.java:289)
	at api.Utilities.xlLeadUtility.getRowCount(xlLeadUtility.java:34)
	at api.Utilities.DataProviderLead.getAllData(DataProviderLead.java:14)
	at java.base/jdk.internal.reflect.DirectMethodHandleAccessor.invoke(DirectMethodHandleAccessor.java:103)
	at java.base/java.lang.reflect.Method.invoke(Method.java:580)
	at org.testng.internal.invokers.MethodInvocationHelper.invokeMethod(MethodInvocationHelper.java:141)
	at org.testng.internal.invokers.MethodInvocationHelper.invokeMethod(MethodInvocationHelper.java:86)
	at org.testng.internal.invokers.MethodInvocationHelper.invokeMethodNoCheckedException(MethodInvocationHelper.java:54)
	... 29 more
]]></failure>
    <system-out><![CDATA[api.Utilities.xlLeadUtility@2577a95d
2024-10-30 16:44:21,563 ERROR appender File has no parameter that matches element Policies
]]></system-out>
  </testcase>
  <testcase name="GetLeadById" classname="api.test.LeadTest" time="0.31">
    <system-out><![CDATA[eyJhbGciOiJIUzI1NiIsInR5cCI6IkpXVCJ9.eyJfYWdlbnRuYW1lXyI6IkFkbWluIiwiX2FnZW5jeWNvZGVfIjoiVFMxMjMiLCJfYnJhbmNoY29kZV8iOiJUUzEyMyIsIl9hZ2VudGNvZGVfIjoiVFMtMjAxIiwiX2FnZW50aWRfIjoiMSIsImp0aSI6IjQyYTA2N2IyLWI3YzgtNGFlMS05Zjc4LWViMTM2NmJlYjE5NCIsImV4cCI6MTczMDI5NzY2MSwiaXNzIjoiaHR0cDovLzEzLjIzMy43OS4xODE6NzEwNSIsImF1ZCI6Imh0dHA6Ly9sb2NhbGhvc3Q6NDIwMCJ9.wnNw8lqYtonhgIaSUQ61zDcmljgRi6ov1fyk0L4gIzs
The Token is eyJhbGciOiJIUzI1NiIsInR5cCI6IkpXVCJ9.eyJfYWdlbnRuYW1lXyI6IkFkbWluIiwiX2FnZW5jeWNvZGVfIjoiVFMxMjMiLCJfYnJhbmNoY29kZV8iOiJUUzEyMyIsIl9hZ2VudGNvZGVfIjoiVFMtMjAxIiwiX2FnZW50aWRfIjoiMSIsImp0aSI6IjQyYTA2N2IyLWI3YzgtNGFlMS05Zjc4LWViMTM2NmJlYjE5NCIsImV4cCI6MTczMDI5NzY2MSwiaXNzIjoiaHR0cDovLzEzLjIzMy43OS4xODE6NzEwNSIsImF1ZCI6Imh0dHA6Ly9sb2NhbGhvc3Q6NDIwMCJ9.wnNw8lqYtonhgIaSUQ61zDcmljgRi6ov1fyk0L4gIzs
HTTP/1.1 200 OK
Content-Type: application/json; charset=utf-8
Date: Wed, 30 Oct 2024 11:14:20 GMT
Server: Kestrel
Transfer-Encoding: chunked

{
    "agent": null,
    "creationDate": "2024-10-10T09:01:49",
    "lastModifiedDate": "2024-10-10T09:01:49",
    "leadHistory": null,
    "id": 4,
    "destination": "dubai",
    "category": null,
    "travelFromDate": "2025-10-10T08:57:58",
    "travelToDate": "2025-10-10T08:57:58",
    "source": "web",
    "passengerBreakup": {
        "totalAdults": 2,
        "totalInfants": 0,
        "totalChildren": 0
    },
    "status": "New",
    "budget": "5 Lakh",
    "comments": null,
    "client": null,
    "branchId": 0
}
]]></system-out>
  </testcase>
  <testcase name="CreateAgent" classname="api.test.AgentTest" time="0.272">
    <failure message="expected [200] but found [400]" type="java.lang.AssertionError"><![CDATA[java.lang.AssertionError: expected [200] but found [400]
	at org.testng.Assert.fail(Assert.java:111)
	at org.testng.Assert.failNotEquals(Assert.java:1578)
	at org.testng.Assert.assertEqualsImpl(Assert.java:150)
	at org.testng.Assert.assertEquals(Assert.java:132)
	at org.testng.Assert.assertEquals(Assert.java:1419)
	at org.testng.Assert.assertEquals(Assert.java:1383)
	at org.testng.Assert.assertEquals(Assert.java:1429)
	at api.test.AgentTest.CreateAgent(AgentTest.java:18)
	at java.base/jdk.internal.reflect.DirectMethodHandleAccessor.invoke(DirectMethodHandleAccessor.java:103)
	at java.base/java.lang.reflect.Method.invoke(Method.java:580)
	at org.testng.internal.invokers.MethodInvocationHelper.invokeMethod(MethodInvocationHelper.java:141)
	at org.testng.internal.invokers.TestInvoker.invokeMethod(TestInvoker.java:686)
	at org.testng.internal.invokers.TestInvoker.invokeTestMethod(TestInvoker.java:230)
	at org.testng.internal.invokers.MethodRunner.runInSequence(MethodRunner.java:63)
	at org.testng.internal.invokers.TestInvoker$MethodInvocationAgent.invoke(TestInvoker.java:992)
	at org.testng.internal.invokers.TestInvoker.invokeTestMethods(TestInvoker.java:203)
	at org.testng.internal.invokers.TestMethodWorker.invokeTestMethods(TestMethodWorker.java:154)
	at org.testng.internal.invokers.TestMethodWorker.run(TestMethodWorker.java:134)
	at java.base/java.util.ArrayList.forEach(ArrayList.java:1596)
	at org.testng.TestRunner.privateRun(TestRunner.java:739)
	at org.testng.TestRunner.run(TestRunner.java:614)
	at org.testng.SuiteRunner.runTest(SuiteRunner.java:421)
	at org.testng.SuiteRunner.runSequentially(SuiteRunner.java:413)
	at org.testng.SuiteRunner.privateRun(SuiteRunner.java:373)
	at org.testng.SuiteRunner.run(SuiteRunner.java:312)
	at org.testng.SuiteRunnerWorker.runSuite(SuiteRunnerWorker.java:52)
	at org.testng.SuiteRunnerWorker.run(SuiteRunnerWorker.java:95)
	at org.testng.TestNG.runSuitesSequentially(TestNG.java:1274)
	at org.testng.TestNG.runSuitesLocally(TestNG.java:1208)
	at org.testng.TestNG.runSuites(TestNG.java:1112)
	at org.testng.TestNG.run(TestNG.java:1079)
	at org.apache.maven.surefire.testng.TestNGExecutor.run(TestNGExecutor.java:308)
	at org.apache.maven.surefire.testng.TestNGXmlTestSuite.execute(TestNGXmlTestSuite.java:71)
	at org.apache.maven.surefire.testng.TestNGProvider.invoke(TestNGProvider.java:113)
	at org.apache.maven.surefire.booter.ForkedBooter.runSuitesInProcess(ForkedBooter.java:385)
	at org.apache.maven.surefire.booter.ForkedBooter.execute(ForkedBooter.java:162)
	at org.apache.maven.surefire.booter.ForkedBooter.run(ForkedBooter.java:507)
	at org.apache.maven.surefire.booter.ForkedBooter.main(ForkedBooter.java:495)
]]></failure>
    <system-out><![CDATA[eyJhbGciOiJIUzI1NiIsInR5cCI6IkpXVCJ9.eyJfYWdlbnRuYW1lXyI6IkFkbWluIiwiX2FnZW5jeWNvZGVfIjoiVFMxMjMiLCJfYnJhbmNoY29kZV8iOiJUUzEyMyIsIl9hZ2VudGNvZGVfIjoiVFMtMjAxIiwiX2FnZW50aWRfIjoiMSIsImp0aSI6IjcyNGYyMTlhLTJhYzYtNDAxNy1iNTBiLTJjN2ExMmY2MDkzYiIsImV4cCI6MTczMDI5NzY2MSwiaXNzIjoiaHR0cDovLzEzLjIzMy43OS4xODE6NzEwNSIsImF1ZCI6Imh0dHA6Ly9sb2NhbGhvc3Q6NDIwMCJ9.dFE4rpNyWoji3K_K2cVrdmfF8qEfIvl78CZ_MBGziS0
The Token is eyJhbGciOiJIUzI1NiIsInR5cCI6IkpXVCJ9.eyJfYWdlbnRuYW1lXyI6IkFkbWluIiwiX2FnZW5jeWNvZGVfIjoiVFMxMjMiLCJfYnJhbmNoY29kZV8iOiJUUzEyMyIsIl9hZ2VudGNvZGVfIjoiVFMtMjAxIiwiX2FnZW50aWRfIjoiMSIsImp0aSI6IjcyNGYyMTlhLTJhYzYtNDAxNy1iNTBiLTJjN2ExMmY2MDkzYiIsImV4cCI6MTczMDI5NzY2MSwiaXNzIjoiaHR0cDovLzEzLjIzMy43OS4xODE6NzEwNSIsImF1ZCI6Imh0dHA6Ly9sb2NhbGhvc3Q6NDIwMCJ9.dFE4rpNyWoji3K_K2cVrdmfF8qEfIvl78CZ_MBGziS0
HTTP/1.1 400 Bad Request
Content-Type: application/json; charset=utf-8
Date: Wed, 30 Oct 2024 11:14:21 GMT
Server: Kestrel
Transfer-Encoding: chunked

{
    "message": "Error occurred while creating agent - Could not save changes. Please configure your entity type accordingly.",
    "status": 500
}
]]></system-out>
  </testcase>
  <testcase name="GetAgentById" classname="api.test.AgentTest" time="0.119">
    <system-out><![CDATA[HTTP/1.1 200 OK
Content-Type: application/json; charset=utf-8
Date: Wed, 30 Oct 2024 11:14:21 GMT
Server: Kestrel
Transfer-Encoding: chunked

{
    "code": "TS-201",
    "customAttributes": null,
    "isActive": false,
    "agencyCode": "TS123",
    "branchCode": "TS123",
    "roles": [
        1
    ],
    "id": 1,
    "name": "Admin",
    "email": "TS201@test1012.com",
    "primaryContactNumber": "09876543221",
    "contactNumbers": null,
    "createdDate": "2024-08-12T10:43:03",
    "updatedDate": "2024-08-12T10:43:03"
}
Response: {"code":"TS-201","customAttributes":null,"isActive":false,"agencyCode":"TS123","branchCode":"TS123","roles":[1],"id":1,"name":"Admin","email":"TS201@test1012.com","primaryContactNumber":"09876543221","contactNumbers":null,"createdDate":"2024-08-12T10:43:03","updatedDate":"2024-08-12T10:43:03"}
]]></system-out>
  </testcase>
  <testcase name="CreateBranch" classname="api.test.BranchTest" time="0.263">
    <system-out><![CDATA[eyJhbGciOiJIUzI1NiIsInR5cCI6IkpXVCJ9.eyJfYWdlbnRuYW1lXyI6IkFkbWluIiwiX2FnZW5jeWNvZGVfIjoiVFMxMjMiLCJfYnJhbmNoY29kZV8iOiJUUzEyMyIsIl9hZ2VudGNvZGVfIjoiVFMtMjAxIiwiX2FnZW50aWRfIjoiMSIsImp0aSI6ImZjNjc5YmJiLWVmYjgtNGIzYy1iNTQxLTkwMzE2ZGU2Y2UxMiIsImV4cCI6MTczMDI5NzY2MSwiaXNzIjoiaHR0cDovLzEzLjIzMy43OS4xODE6NzEwNSIsImF1ZCI6Imh0dHA6Ly9sb2NhbGhvc3Q6NDIwMCJ9.iI_TDnRHci1tg9c4j-jGmPHvQQK5e5UfXKEzipBrthg
The Token is eyJhbGciOiJIUzI1NiIsInR5cCI6IkpXVCJ9.eyJfYWdlbnRuYW1lXyI6IkFkbWluIiwiX2FnZW5jeWNvZGVfIjoiVFMxMjMiLCJfYnJhbmNoY29kZV8iOiJUUzEyMyIsIl9hZ2VudGNvZGVfIjoiVFMtMjAxIiwiX2FnZW50aWRfIjoiMSIsImp0aSI6ImZjNjc5YmJiLWVmYjgtNGIzYy1iNTQxLTkwMzE2ZGU2Y2UxMiIsImV4cCI6MTczMDI5NzY2MSwiaXNzIjoiaHR0cDovLzEzLjIzMy43OS4xODE6NzEwNSIsImF1ZCI6Imh0dHA6Ly9sb2NhbGhvc3Q6NDIwMCJ9.iI_TDnRHci1tg9c4j-jGmPHvQQK5e5UfXKEzipBrthg
HTTP/1.1 200 OK
Content-Type: application/json; charset=utf-8
Date: Wed, 30 Oct 2024 11:14:21 GMT
Server: Kestrel
Transfer-Encoding: chunked

false
]]></system-out>
  </testcase>
  <testcase name="GetBranchByID" classname="api.test.BranchTest" time="0.139">
    <system-out><![CDATA[HTTP/1.1 200 OK
Content-Type: application/json; charset=utf-8
Date: Wed, 30 Oct 2024 11:14:21 GMT
Server: Kestrel
Transfer-Encoding: chunked

{
    "agencyId": 0,
    "id": 1,
    "code": "TS123",
    "name": "Techspian Services Private Limited",
    "addressDetails": "MARISOFT-1, 303, Marigold Premises, Kalyani Nagar, Pune, Maharashtra 411014",
    "city": "Pune",
    "region": "Kalyani Nagar",
    "postalCode": "411014",
    "country": "India",
    "agencies": null
}
Response: {"agencyId":0,"id":1,"code":"TS123","name":"Techspian Services Private Limited","addressDetails":"MARISOFT-1, 303, Marigold Premises, Kalyani Nagar, Pune, Maharashtra 411014","city":"Pune","region":"Kalyani Nagar","postalCode":"411014","country":"India","agencies":null}
]]></system-out>
  </testcase>
</testsuite>