<?xml version="1.0" encoding="UTF-8"?>
<testng-results ignored="0" total="1" passed="1" failed="0" skipped="0">
  <reporter-output>
  </reporter-output>
  <suite started-at="2024-10-30T14:12:00 IST" name="Default suite" finished-at="2024-10-30T14:12:03 IST" duration-ms="2182">
    <groups>
    </groups>
    <test started-at="2024-10-30T14:12:00 IST" name="Default test" finished-at="2024-10-30T14:12:03 IST" duration-ms="2182">
      <class name="api.test.LeadTest">
        <test-method signature="GetLeadById()[pri:2, instance:api.test.LeadTest@33d512c1]" started-at="2024-10-30T14:12:01 IST" name="GetLeadById" finished-at="2024-10-30T14:12:03 IST" duration-ms="1455" status="PASS">
          <reporter-output>
          </reporter-output>
        </test-method> <!-- GetLeadById -->
      </class> <!-- api.test.LeadTest -->
    </test> <!-- Default test -->
  </suite> <!-- Default suite -->
</testng-results>
